2026-02-12T00:33:01.883Z [console][log] Auth state changed: INITIAL_SESSION undefined
2026-02-12T00:33:02.071Z [console][log] Supabase connection successful! [{"id":"3a777e87-cefa-4748-87b9-433d1862a600"}]
2026-02-12T00:46:14.001Z [console][error] Error fetching initial flights: TypeError: Failed to fetch
    at window.fetch (<anonymous>:126:38)
    at fetchInitialFlights (http://localhost:5173/resources/js/Pages/Common/flights/flightsearchpage.jsx?t=1770857062982:165:34)
    at http://localhost:5173/resources/js/Pages/Common/flights/flightsearchpage.jsx?t=1770857062982:224:5
    at commitHookEffectListMount (http://localhost:5173/node_modules/.vite/deps/chunk-LPF6KSF2.js?v=1b62c1d2:16963:34)
    at commitPassiveMountOnFiber (http://localhost:5173/node_modules/.vite/deps/chunk-LPF6KSF2.js?v=1b62c1d2:18206:19)
    at commitPassiveMountEffects_complete (http://localhost:5173/node_modules/.vite/deps/chunk-LPF6KSF2.js?v=1b62c1d2:18179:17)
    at commitPassiveMountEffects_begin (http://localhost:5173/node_modules/.vite/deps/chunk-LPF6KSF2.js?v=1b62c1d2:18169:15)
    at commitPassiveMountEffects (http://localhost:5173/node_modules/.vite/deps/chunk-LPF6KSF2.js?v=1b62c1d2:18159:11)
    at flushPassiveEffectsImpl (http://localhost:5173/node_modules/.vite/deps/chunk-LPF6KSF2.js?v=1b62c1d2:19543:11)
    at flushPassiveEffects (http://localhost:5173/node_modules/.vite/deps/chunk-LPF6KSF2.js?v=1b62c1d2:19500:22)
2026-02-12T00:46:14.016Z [console][error] Error fetching initial flights: TypeError: Failed to fetch
    at window.fetch (<anonymous>:126:38)
    at fetchInitialFlights (http://localhost:5173/resources/js/Pages/Common/flights/flightsearchpage.jsx?t=1770857062982:165:34)
    at http://localhost:5173/resources/js/Pages/Common/flights/flightsearchpage.jsx?t=1770857062982:224:5
    at commitHookEffectListMount (http://localhost:5173/node_modules/.vite/deps/chunk-LPF6KSF2.js?v=1b62c1d2:16963:34)
    at invokePassiveEffectMountInDEV (http://localhost:5173/node_modules/.vite/deps/chunk-LPF6KSF2.js?v=1b62c1d2:18374:19)
    at invokeEffectsInDev (http://localhost:5173/node_modules/.vite/deps/chunk-LPF6KSF2.js?v=1b62c1d2:19754:19)
    at commitDoubleInvokeEffectsInDEV (http://localhost:5173/node_modules/.vite/deps/chunk-LPF6KSF2.js?v=1b62c1d2:19739:15)
    at flushPassiveEffectsImpl (http://localhost:5173/node_modules/.vite/deps/chunk-LPF6KSF2.js?v=1b62c1d2:19556:13)
    at flushPassiveEffects (http://localhost:5173/node_modules/.vite/deps/chunk-LPF6KSF2.js?v=1b62c1d2:19500:22)
    at http://localhost:5173/node_modules/.vite/deps/chunk-LPF6KSF2.js?v=1b62c1d2:19381:17
